<?xml version="1.0" encoding="UTF-8"?>

<persistence xmlns="http://java.sun.com/xml/ns/persistence" version="1.0">
	
	<persistence-unit name="ar.edu.ucc.base" transaction-type="RESOURCE_LOCAL">
	
		<description>
            Persistence unit for local mysql.
        </description>
        <provider>org.hibernate.ejb.HibernatePersistence</provider>
        
        <!-- En este Bloque se agregan las clases del modelo que mapeamos -->
        <class>ar.edu.ucc.arqSoft.segundoParcial.model.Comment</class>
        <class>ar.edu.ucc.arqSoft.segundoParcial.model.State</class>
        <class>ar.edu.ucc.arqSoft.segundoParcial.model.Task</class>
        <class>ar.edu.ucc.arqSoft.segundoParcial.model.XXXX</class>
        <class>ar.edu.ucc.arqSoft.segundoParcial.model.XXX</class>
        
        <properties>
        
       		<property name="javax.persistence.jdbc.driver" value="com.mysql.jdbc.Driver" />
       		
       		<!--- CONFIGURACION BASE DA DATOS, USER Y PWD -->
            <property name="javax.persistence.jdbc.url" value="jdbc:mysql://18.228.59.5:3306/ticketApp"/>
            <property name="javax.persistence.jdbc.user" value="ucc" />
            <property name="javax.persistence.jdbc.password" value="ucc" />
		<!---  -->
            
            <property name="hibernate.show_sql" value="true"/>
            <property name="hibernate.format_sql" value="false"/>
            <property name="hibernate.hbm2ddl.auto" value="create"/>
            <property name="hibernate.dialect" value="org.hibernate.dialect.MySQL8Dialect"/>
            <property name="javax.persistence.schema-generation.database.action" value="drop-and-create"/>
     
        </properties>
	
	</persistence-unit>
</persistence>
